(  0,  1, ^, false)
(  0,  1, >, true)
(  0,  2, ^, false)
(  0,  2, >, true)
(  0,  3, ^, false)
(  0,  3, >, false)
(  0,  4, ^, false)
(  0,  4, >, true)
(  0,  5, ^, false)
(  0,  5, >, true)
(  0,  6, ^, true)
(  0,  6, >, false)
(  1,  6, ^, false)
(  1,  6, >, true)
(  1,  6, v, false)
(  1,  7, <, false)
(  1,  7, ^, false)
(  1,  7, >, true)
(  1,  8, <, true)
(  1,  8, ^, false)
(  1,  8, >, true)
(  1,  9, <, true)
(  1,  9, ^, false)
(  1,  9, >, true)
(  1, 10, <, true)
(  1, 10, ^, false)
(  1, 10, >, true)
(  1, 11, <, true)
(  1, 11, ^, false)
(  1, 11, >, false)
(  1, 12, <, true)
(  1, 12, ^, false)
(  1, 12, >, true)
(  1, 13, <, true)
(  1, 13, ^, false)
(  1, 13, >, true)
(  1, 14, <, true)
(  1, 14, ^, false)
(  1, 14, >, true)
(  1, 15, <, true)
(  1, 15, ^, true)
(  1, 15, >, false)
(  2, 15, ^, true)
(  2, 15, >, false)
(  2, 15, v, true)
(  3, 15, ^, false)
(  3, 15, >, true)
(  3, 15, v, false)
(  3, 14, >, true)
(  3, 14, v, true)
(  3, 14, <, false)
(  2, 14, v, false)
(  2, 13, >, true)
(  2, 13, v, false)
(  2, 12, >, true)
(  2, 12, v, false)
(  2, 11, >, true)
(  2, 11, v, true)
(  3, 16, <, false)
(  3, 16, ^, true)
(  3, 16, >, true)
(  2, 16, <, false)
(  2, 16, ^, true)
(  1, 16, <, true)
(  1, 16, ^, false)
(  1, 17, <, true)
(  1, 17, ^, false)
(  1, 17, >, true)
(  1, 18, <, true)
(  1, 18, ^, false)
(  1, 18, >, true)
(  1, 19, <, true)
(  1, 19, ^, false)
(  1, 19, >, true)
(  1, 20, <, true)
(  1, 20, ^, false)
(  1, 20, >, true)
(  1, 21, <, true)
(  1, 21, ^, false)
(  1, 21, >, true)
(  1, 22, <, true)
(  1, 22, ^, false)
(  1, 22, >, true)
(  1, 23, <, true)
(  1, 23, ^, false)
(  1, 23, >, true)
(  1, 24, <, true)
(  1, 24, ^, false)
(  1, 24, >, true)
(  1, 25, <, true)
(  1, 25, ^, false)
(  1, 25, >, true)
(  1, 26, <, true)
(  1, 26, ^, false)
(  1, 26, >, true)
(  1, 27, <, true)
(  1, 27, ^, true)
(  1, 27, >, false)
(  2, 27, ^, false)
(  2, 27, >, true)
(  2, 27, v, true)
(  2, 28, <, true)
(  2, 28, ^, false)
(  2, 28, >, true)
(  2, 29, <, true)
(  2, 29, ^, false)
(  2, 29, >, true)
(  2, 30, <, true)
(  2, 30, ^, true)
(  2, 30, >, false)
(  3, 30, ^, true)
(  3, 30, >, false)
(  3, 30, v, true)
(  4, 30, ^, true)
(  4, 30, >, false)
(  4, 30, v, true)
(  5, 30, ^, true)
(  5, 30, >, true)
(  5, 30, v, false)
(  5, 29, >, true)
(  5, 29, v, true)
(  5, 29, <, false)
(  4, 29, v, true)
(  4, 29, <, false)
(  3, 29, v, false)
(  3, 28, >, false)
(  3, 28, v, true)
(  4, 28, >, false)
(  4, 28, v, true)
(  5, 28, >, false)
(  5, 28, v, true)
(  6, 28, ^, false)
(  6, 28, >, true)
(  6, 28, v, true)
(  6, 29, ^, false)
(  6, 29, >, true)
(  6, 30, ^, true)
(  6, 30, >, false)
(  7, 30, ^, true)
(  7, 30, >, true)
(  7, 30, v, false)
(  7, 29, >, true)
(  7, 29, v, false)
(  7, 28, >, false)
(  7, 28, v, true)
(  8, 28, ^, true)
(  8, 28, >, false)
(  8, 28, v, true)
(  9, 28, ^, true)
(  9, 28, >, true)
(  9, 28, v, false)
(  9, 27, >, true)
(  9, 27, v, true)
(  9, 27, <, false)
(  8, 27, v, true)
(  8, 27, <, false)
(  7, 27, v, true)
(  7, 27, <, false)
(  6, 27, v, true)
(  6, 27, <, false)
(  5, 27, v, true)
(  5, 27, <, false)
(  4, 27, v, true)
(  4, 27, <, false)
(  3, 27, v, false)
(  3, 26, >, true)
(  3, 26, v, true)
(  3, 26, <, false)
(  2, 26, v, false)
(  2, 25, >, true)
(  2, 25, v, false)
(  2, 24, >, true)
(  2, 24, v, false)
(  2, 23, >, true)
(  2, 23, v, false)
(  2, 22, >, true)
(  2, 22, v, false)
(  2, 21, >, true)
(  2, 21, v, false)
(  2, 20, >, true)
(  2, 20, v, false)
(  2, 19, >, false)
(  2, 19, v, true)
(  3, 19, ^, true)
(  3, 19, >, false)
(  3, 19, v, true)
(  4, 19, ^, true)
(  4, 19, >, false)
(  4, 19, v, true)
(  5, 19, ^, true)
(  5, 19, >, false)
(  5, 19, v, true)
(  6, 19, ^, true)
(  6, 19, >, false)
(  6, 19, v, true)
(  7, 19, ^, true)
(  7, 19, >, false)
(  7, 19, v, true)
(  8, 19, ^, true)
(  8, 19, >, true)
(  8, 19, v, false)
(  8, 18, >, true)
(  8, 18, v, false)
(  8, 18, <, true)
(  8, 17, >, true)
(  8, 17, v, false)
(  8, 17, <, true)
(  8, 16, >, true)
(  8, 16, v, false)
(  8, 16, <, true)
(  8, 15, >, true)
(  8, 15, v, true)
(  8, 15, <, false)
(  7, 15, v, true)
(  7, 15, <, false)
(  7, 15, ^, true)
(  6, 15, v, false)
(  6, 15, <, true)
(  6, 15, ^, true)
(  6, 14, >, false)
(  6, 14, v, false)
(  6, 14, <, true)
(  6, 13, >, false)
(  6, 13, v, true)
(  6, 13, <, false)
(  7, 13, ^, true)
(  7, 13, >, false)
(  7, 13, v, true)
(  8, 13, ^, true)
(  8, 13, >, true)
(  8, 13, v, true)
(  7, 14, >, false)
(  8, 14, >, true)
(  5, 13, v, true)
(  5, 13, <, false)
(  5, 13, ^, true)
(  4, 13, v, true)
(  4, 13, <, false)
(  4, 13, ^, false)
(  3, 13, v, false)
(  3, 12, >, true)
(  3, 12, v, false)
(  3, 11, >, true)
(  3, 11, v, false)
(  3, 10, >, true)
(  3, 10, v, true)
(  3, 10, <, false)
(  2, 10, v, false)
(  2,  9, >, true)
(  2,  9, v, false)
(  2,  8, >, true)
(  2,  8, v, false)
(  2,  7, >, false)
(  2,  7, v, true)
(  3,  7, ^, false)
(  3,  7, >, false)
(  3,  7, v, true)
(  4,  7, ^, true)
(  4,  7, >, false)
(  4,  7, v, true)
(  5,  7, ^, true)
(  5,  7, >, false)
(  5,  7, v, true)
(  6,  7, ^, true)
(  6,  7, >, false)
(  6,  7, v, true)
(  7,  7, ^, true)
(  7,  7, >, true)
(  7,  7, v, false)
(  7,  6, >, true)
(  7,  6, v, true)
(  7,  6, <, false)
(  6,  6, v, false)
(  6,  6, <, false)
(  5,  6, v, false)
(  5,  6, <, true)
(  5,  5, >, true)
(  5,  5, v, true)
(  5,  5, <, false)
(  4,  5, v, false)
(  4,  5, <, true)
(  4,  5, ^, false)
(  4,  4, >, false)
(  4,  4, v, false)
(  4,  4, <, true)
(  4,  3, >, true)
(  4,  3, v, false)
(  4,  3, <, false)
(  4,  2, >, false)
(  4,  2, v, true)
(  4,  2, <, false)
(  5,  2, ^, true)
(  5,  2, >, false)
(  5,  2, v, true)
(  6,  2, ^, true)
(  6,  2, >, false)
(  6,  2, v, true)
(  7,  2, ^, false)
(  7,  2, >, false)
(  7,  2, v, true)
(  8,  2, ^, true)
(  8,  2, >, false)
(  8,  2, v, true)
(  9,  2, ^, true)
(  9,  2, >, false)
(  9,  2, v, true)
( 10,  2, ^, true)
( 10,  2, >, false)
( 10,  2, v, true)
( 11,  2, ^, false)
( 11,  2, >, false)
( 11,  2, v, true)
( 12,  2, ^, true)
( 12,  2, >, false)
( 12,  2, v, true)
( 13,  2, ^, true)
( 13,  2, >, false)
( 13,  2, v, true)
( 14,  2, ^, true)
( 14,  2, >, false)
( 14,  2, v, true)
( 15,  2, ^, true)
( 15,  2, >, false)
( 15,  2, v, true)
( 16,  2, ^, false)
( 16,  2, >, true)
( 16,  2, v, true)
( 16,  3, <, true)
( 16,  3, ^, true)
( 16,  3, >, false)
( 17,  3, ^, true)
( 17,  3, >, true)
( 17,  3, v, false)
( 17,  2, >, false)
( 17,  2, v, true)
( 18,  2, ^, false)
( 18,  2, >, true)
( 18,  2, v, false)
( 18,  3, ^, true)
( 18,  3, >, true)
( 18,  1, >, false)
( 18,  1, v, true)
( 18,  1, <, false)
( 19,  1, ^, true)
( 19,  1, >, false)
( 19,  1, v, true)
( 20,  1, ^, true)
( 20,  1, >, false)
( 20,  1, v, true)
( 21,  1, ^, true)
( 21,  1, >, false)
( 21,  1, v, true)
( 22,  1, ^, true)
( 22,  1, >, false)
( 22,  1, v, true)
( 23,  1, ^, true)
( 23,  1, >, false)
( 23,  1, v, true)
( 24,  1, ^, true)
( 24,  1, >, false)
( 24,  1, v, true)
( 25,  1, ^, true)
( 25,  1, >, false)
( 25,  1, v, true)
( 26,  1, ^, true)
( 26,  1, >, false)
( 26,  1, v, true)
( 27,  1, ^, false)
( 27,  1, >, true)
( 27,  1, v, true)
( 27,  2, <, true)
( 27,  2, ^, false)
( 27,  2, >, true)
( 27,  3, <, true)
( 27,  3, ^, false)
( 27,  3, >, true)
( 27,  4, <, true)
( 27,  4, ^, true)
( 27,  4, >, false)
( 28,  4, ^, true)
( 28,  4, >, false)
( 28,  4, v, true)
( 29,  4, ^, true)
( 29,  4, >, false)
( 29,  4, v, true)
( 30,  4, ^, false)
( 30,  4, >, true)
( 30,  4, v, true)
( 30,  5, <, false)
( 30,  5, ^, true)
( 30,  5, >, true)
( 29,  5, <, false)
( 29,  5, ^, true)
( 28,  5, <, false)
( 28,  5, ^, true)
( 27,  5, <, false)
( 27,  5, ^, true)
( 26,  5, v, false)
( 26,  5, <, true)
( 26,  5, ^, false)
( 26,  6, <, false)
( 26,  6, ^, true)
( 26,  6, >, true)
( 25,  6, v, true)
( 25,  6, <, false)
( 25,  6, ^, true)
( 24,  6, v, true)
( 24,  6, <, false)
( 24,  6, ^, true)
( 23,  6, v, true)
( 23,  6, <, false)
( 23,  6, ^, true)
( 22,  6, v, false)
( 22,  6, <, true)
( 22,  6, ^, true)
( 22,  5, >, true)
( 22,  5, v, false)
( 22,  5, <, true)
( 22,  4, >, true)
( 22,  4, v, false)
( 22,  4, <, true)
( 22,  3, >, true)
( 22,  3, v, false)
( 22,  3, <, true)
( 22,  2, >, false)
( 22,  2, <, true)
( 23,  2, ^, true)
( 23,  2, >, false)
( 24,  2, ^, true)
( 24,  2, >, false)
( 25,  2, ^, true)
( 25,  2, >, false)
( 26,  2, ^, false)
( 26,  3, <, true)
( 26,  3, ^, false)
( 26,  4, <, true)
( 11,  3, <, true)
( 11,  3, ^, false)
( 11,  3, >, true)
( 11,  4, <, false)
( 11,  4, ^, false)
( 11,  4, >, true)
( 11,  5, <, true)
( 11,  5, ^, false)
( 11,  5, >, true)
( 11,  6, <, true)
( 11,  6, ^, false)
( 11,  6, >, true)
( 11,  7, <, true)
( 11,  7, ^, true)
( 11,  7, >, true)
( 10,  4, v, false)
( 10,  4, <, true)
( 10,  4, ^, false)
( 10,  5, <, true)
( 10,  5, ^, true)
( 10,  3, <, false)
(  9,  3, <, false)
(  9,  3, ^, false)
(  8,  3, <, false)
(  8,  3, ^, false)
(  7,  3, <, false)
(  7,  3, ^, true)
(  6,  3, <, false)
(  6,  3, ^, false)
(  5,  3, ^, false)
(  5,  4, >, true)
(  9,  4, <, true)
(  9,  4, ^, false)
(  9,  5, <, true)
(  9,  5, ^, false)
(  9,  6, <, true)
(  9,  6, ^, false)
(  9,  6, >, false)
(  9,  7, <, true)
(  9,  7, ^, false)
(  9,  7, >, true)
(  9,  8, <, true)
(  9,  8, ^, true)
(  9,  8, >, false)
( 10,  8, ^, true)
( 10,  8, >, true)
( 10,  8, v, false)
( 10,  7, v, false)
(  8,  4, <, false)
(  8,  4, ^, true)
(  7,  4, <, true)
(  7,  4, ^, false)
(  7,  5, <, true)
(  7,  5, >, false)
(  8,  5, ^, false)
(  8,  6, ^, false)
(  8,  7, ^, true)
(  6,  4, ^, false)
(  3,  8, ^, false)
(  3,  8, >, true)
(  3,  9, >, true)
(  4,  6, <, true)
(  3,  3, v, true)
(  3,  3, <, true)
(  3,  3, ^, false)
(  3,  4, <, true)
(  3,  4, ^, false)
(  3,  5, <, true)
(  3,  5, ^, false)
(  3,  6, <, false)
(  2,  6, v, false)
(  2,  5, v, false)
(  2,  5, <, true)
(  2,  4, v, false)
(  2,  4, <, false)
(  2,  3, v, false)
(  2,  3, <, true)
(  2,  2, >, false)
(  2,  2, v, true)
(  2,  2, <, true)
(  3,  2, v, true)
(  1,  4, v, true)
(  1,  4, ^, false)
(  0,  7, ^, false)
(  0,  8, ^, false)
(  0,  9, ^, false)
(  0, 10, ^, false)
(  0, 11, ^, false)
(  0, 12, ^, false)
(  0, 13, ^, false)
(  0, 14, ^, false)
(  0, 15, ^, false)
(  0, 16, ^, false)
(  0, 17, ^, false)
(  0, 18, ^, false)
(  0, 19, ^, false)
(  0, 20, ^, false)
(  0, 21, ^, false)
(  0, 22, ^, false)
(  0, 23, ^, false)
(  0, 24, ^, false)
(  0, 25, ^, false)
(  0, 26, ^, false)
(  0, 27, ^, false)
(  0, 28, ^, false)
(  0, 28, >, true)
(  0, 29, ^, false)
(  0, 29, >, true)
(  0, 30, ^, false)
(  0, 30, >, true)
(  0, 31, >, true)
(  1,  3, v, false)
(  1,  2, v, false)
(  1,  1, >, false)
(  1,  1, v, false)
(  1,  0, >, true)
(  2,  1, >, false)
(  2,  1, v, false)
(  3,  1, >, false)
(  3,  1, v, true)
(  4,  1, >, false)
(  4,  1, v, true)
(  5,  1, >, false)
(  5,  1, v, true)
(  6,  1, >, false)
(  6,  1, v, true)
(  7,  1, >, false)
(  7,  1, v, true)
(  8,  1, >, false)
(  8,  1, v, true)
(  9,  1, >, false)
(  9,  1, v, true)
( 10,  1, >, false)
( 10,  1, v, true)
( 11,  1, >, false)
( 11,  1, v, true)
( 12,  1, >, false)
( 12,  1, v, true)
( 13,  1, >, false)
( 13,  1, v, true)
( 14,  1, >, false)
( 14,  1, v, true)
( 15,  1, >, false)
( 15,  1, v, true)
( 16,  1, >, false)
( 16,  1, v, true)
( 17,  1, v, true)
(  2,  0, >, false)
(  3,  0, >, false)
(  4,  0, >, false)
(  5,  0, >, false)
(  6,  0, >, false)
(  7,  0, >, false)
(  8,  0, >, false)
(  9,  0, >, false)
( 10,  0, >, false)
( 11,  0, >, false)
( 12,  0, >, false)
( 13,  0, >, false)
( 14,  0, >, false)
( 15,  0, >, false)
( 16,  0, >, false)
( 17,  0, >, false)
( 18,  0, >, false)
( 19,  0, >, false)
( 20,  0, >, false)
( 21,  0, >, false)
( 22,  0, >, false)
( 23,  0, >, false)
( 24,  0, >, false)
( 25,  0, >, false)
( 26,  0, >, false)
( 27,  0, >, false)
( 28,  0, ^, false)
( 28,  0, >, false)
( 29,  0, ^, false)
( 29,  0, >, true)
( 29,  1, <, true)
( 29,  1, ^, false)
( 29,  1, >, false)
( 29,  2, <, true)
( 29,  2, ^, true)
( 29,  2, >, true)
( 30,  1, ^, false)
( 30,  1, >, true)
( 30,  1, v, false)
( 30,  2, ^, true)
( 30,  2, >, true)
( 30,  0, >, false)
( 31,  0, ^, false)
( 31,  1, ^, false)
( 31,  2, ^, false)
( 31,  3, <, false)
( 31,  3, ^, false)
( 31,  4, ^, false)
( 31,  5, ^, false)
( 31,  6, <, true)
( 31,  6, ^, false)
( 31,  7, <, false)
( 31,  7, ^, true)
( 30,  7, v, true)
( 30,  7, <, false)
( 30,  7, ^, true)
( 29,  7, v, true)
( 29,  7, <, true)
( 29,  7, ^, false)
( 29,  8, <, true)
( 29,  8, ^, true)
( 29,  8, >, false)
( 30,  8, ^, true)
( 30,  8, >, false)
( 31,  8, ^, false)
( 31,  9, <, true)
( 31,  9, ^, false)
( 31, 10, <, true)
( 31, 10, ^, false)
( 31, 11, <, true)
( 31, 11, ^, false)
( 31, 12, <, true)
( 31, 12, ^, false)
( 31, 13, <, true)
( 31, 13, ^, false)
( 31, 14, <, true)
( 31, 14, ^, false)
( 31, 15, <, true)
( 31, 15, ^, false)
( 31, 16, <, true)
( 31, 16, ^, false)
( 31, 17, <, true)
( 31, 17, ^, false)
( 31, 18, <, true)
( 31, 18, ^, false)
( 31, 19, <, true)
( 31, 19, ^, false)
( 31, 20, <, true)
( 31, 20, ^, false)
( 31, 21, <, true)
( 31, 21, ^, false)
( 31, 22, <, true)
( 31, 22, ^, false)
( 31, 23, <, true)
( 31, 23, ^, false)
( 31, 24, <, true)
( 31, 24, ^, false)
( 31, 25, <, true)
( 31, 25, ^, false)
( 31, 26, <, true)
( 31, 26, ^, false)
( 31, 27, <, false)
( 31, 27, ^, false)
( 31, 28, <, false)
( 31, 28, ^, false)
( 31, 29, <, false)
( 31, 29, ^, false)
( 31, 30, <, true)
( 31, 30, ^, false)
( 31, 31, <, false)
( 30, 31, v, false)
( 30, 31, <, false)
( 29, 31, v, false)
( 29, 31, <, false)
( 28, 31, v, true)
( 28, 31, <, false)
( 27, 31, v, true)
( 27, 31, <, false)
( 26, 31, v, true)
( 26, 31, <, false)
( 25, 31, v, true)
( 25, 31, <, false)
( 24, 31, v, true)
( 24, 31, <, false)
( 23, 31, v, true)
( 23, 31, <, false)
( 22, 31, v, true)
( 22, 31, <, false)
( 21, 31, v, true)
( 21, 31, <, false)
( 20, 31, v, true)
( 20, 31, <, false)
( 19, 31, v, true)
( 19, 31, <, false)
( 18, 31, v, true)
( 18, 31, <, false)
( 17, 31, v, true)
( 17, 31, <, false)
( 16, 31, v, true)
( 16, 31, <, false)
( 15, 31, v, true)
( 15, 31, <, false)
( 14, 31, v, true)
( 14, 31, <, false)
( 13, 31, v, true)
( 13, 31, <, false)
( 12, 31, v, true)
( 12, 31, <, false)
( 11, 31, v, true)
( 11, 31, <, false)
( 10, 31, v, true)
( 10, 31, <, false)
(  9, 31, v, false)
(  9, 31, <, true)
(  9, 30, >, true)
(  9, 30, v, false)
(  9, 30, <, true)
(  9, 29, >, true)
(  9, 29, <, false)
(  8, 29, ^, false)
(  8, 30, ^, false)
(  8, 31, <, false)
(  7, 31, <, false)
(  6, 31, <, false)
(  5, 31, <, false)
(  4, 31, <, false)
(  3, 31, <, false)
(  2, 31, <, false)
(  1, 31, v, false)
(  1, 30, v, true)
(  1, 30, <, false)
( 29, 30, >, true)
( 29, 30, v, true)
( 29, 30, <, true)
( 30, 30, v, false)
( 30, 29, v, true)
( 30, 29, <, false)
( 29, 29, v, false)
( 29, 29, <, false)
( 28, 29, v, true)
( 28, 29, <, false)
( 28, 29, ^, false)
( 27, 29, v, false)
( 27, 29, <, false)
( 27, 29, ^, false)
( 26, 29, v, false)
( 26, 29, <, true)
( 26, 29, ^, true)
( 26, 28, >, true)
( 26, 28, v, false)
( 26, 28, <, false)
( 26, 27, >, false)
( 26, 27, v, true)
( 26, 27, <, true)
( 27, 27, ^, true)
( 27, 27, >, false)
( 27, 27, v, false)
( 28, 27, ^, false)
( 28, 27, >, false)
( 28, 27, v, true)
( 29, 27, ^, false)
( 29, 27, >, true)
( 29, 27, v, false)
( 29, 26, >, false)
( 29, 26, v, false)
( 29, 26, <, true)
( 29, 25, >, true)
( 29, 25, v, true)
( 29, 25, <, false)
( 28, 25, v, false)
( 28, 25, <, true)
( 28, 25, ^, false)
( 28, 24, >, false)
( 28, 24, v, true)
( 28, 24, <, true)
( 29, 24, >, false)
( 29, 24, v, false)
( 30, 24, ^, false)
( 30, 24, v, false)
( 30, 23, v, true)
( 30, 23, <, true)
( 29, 23, v, false)
( 29, 23, <, true)
( 29, 22, >, false)
( 29, 22, v, true)
( 29, 22, <, false)
( 28, 22, v, false)
( 28, 22, <, false)
( 28, 22, ^, false)
( 27, 22, v, true)
( 27, 22, <, true)
( 27, 22, ^, true)
( 28, 21, >, false)
( 28, 21, v, true)
( 28, 21, <, false)
( 27, 21, v, false)
( 27, 21, <, false)
( 26, 21, v, true)
( 26, 21, <, false)
( 26, 21, ^, false)
( 25, 21, v, false)
( 25, 21, <, false)
( 25, 21, ^, true)
( 24, 21, v, true)
( 24, 21, <, true)
( 24, 21, ^, false)
( 24, 22, <, false)
( 24, 22, ^, true)
( 24, 22, >, false)
( 23, 22, v, false)
( 23, 22, <, true)
( 23, 22, ^, true)
( 23, 21, v, false)
( 23, 21, <, false)
( 23, 20, >, false)
( 23, 20, v, true)
( 23, 20, <, true)
( 24, 20, >, true)
( 24, 20, v, false)
( 24, 19, >, false)
( 24, 19, v, true)
( 24, 19, <, true)
( 25, 19, ^, true)
( 25, 19, >, false)
( 25, 19, v, true)
( 26, 19, ^, true)
( 26, 19, >, false)
( 26, 19, v, true)
( 27, 19, ^, true)
( 27, 19, >, false)
( 27, 19, v, true)
( 28, 19, ^, true)
( 28, 19, >, false)
( 28, 19, v, true)
( 29, 19, ^, true)
( 29, 19, >, false)
( 29, 19, v, true)
( 30, 19, ^, true)
( 30, 19, v, false)
( 30, 18, v, false)
( 30, 18, <, true)
( 30, 17, v, false)
( 30, 17, <, true)
( 30, 16, v, false)
( 30, 16, <, true)
( 30, 15, v, false)
( 30, 15, <, true)
( 30, 14, v, false)
( 30, 14, <, true)
( 30, 13, v, false)
( 30, 13, <, true)
( 30, 12, v, false)
( 30, 12, <, true)
( 30, 11, v, false)
( 30, 11, <, true)
( 30, 10, v, false)
( 30, 10, <, true)
( 30,  9, <, false)
( 29,  9, <, false)
( 29,  9, ^, true)
( 28,  9, v, false)
( 28,  9, <, true)
( 28,  9, ^, true)
( 28,  8, v, false)
( 28,  8, <, true)
( 28,  7, v, false)
( 28,  7, <, true)
( 28,  6, >, false)
( 28,  6, <, false)
( 27,  6, ^, false)
( 27,  7, <, true)
( 27,  7, ^, false)
( 27,  8, <, false)
( 27,  8, ^, false)
( 27,  9, <, true)
( 27,  9, ^, false)
( 27, 10, <, true)
( 27, 10, ^, true)
( 27, 10, >, false)
( 28, 10, ^, true)
( 28, 10, >, false)
( 29, 10, ^, false)
( 29, 11, <, false)
( 29, 11, ^, false)
( 29, 12, <, true)
( 29, 12, ^, false)
( 29, 13, <, true)
( 29, 13, ^, false)
( 29, 14, <, true)
( 29, 14, ^, false)
( 29, 15, <, true)
( 29, 15, ^, false)
( 29, 16, <, true)
( 29, 16, ^, false)
( 29, 17, <, false)
( 29, 17, ^, false)
( 29, 18, <, false)
( 28, 18, v, true)
( 28, 18, <, false)
( 27, 18, v, true)
( 27, 18, <, false)
( 26, 18, v, true)
( 26, 18, <, false)
( 25, 18, v, true)
( 25, 18, <, false)
( 24, 18, v, true)
( 24, 18, <, false)
( 23, 18, v, true)
( 23, 18, <, false)
( 23, 18, ^, false)
( 22, 18, v, true)
( 22, 18, <, false)
( 22, 18, ^, true)
( 21, 18, v, true)
( 21, 18, <, true)
( 21, 18, ^, true)
( 23, 19, <, false)
( 22, 19, <, true)
( 22, 19, ^, false)
( 22, 20, <, false)
( 22, 20, ^, true)
( 21, 20, v, false)
( 21, 20, <, true)
( 21, 20, ^, false)
( 21, 19, <, false)
( 20, 19, v, true)
( 20, 19, <, true)
( 20, 19, ^, false)
( 20, 20, <, true)
( 20, 20, ^, false)
( 20, 21, <, true)
( 20, 21, ^, false)
( 20, 21, >, true)
( 20, 22, <, true)
( 20, 22, ^, false)
( 20, 22, >, true)
( 20, 23, <, false)
( 20, 23, ^, true)
( 20, 23, >, true)
( 19, 23, v, true)
( 19, 23, <, false)
( 19, 23, ^, true)
( 18, 23, v, true)
( 18, 23, <, false)
( 18, 23, ^, true)
( 17, 23, v, true)
( 17, 23, <, true)
( 17, 23, ^, false)
( 17, 24, <, false)
( 17, 24, ^, true)
( 17, 24, >, false)
( 16, 24, v, true)
( 16, 24, <, true)
( 16, 24, ^, true)
( 18, 24, ^, true)
( 18, 24, >, false)
( 19, 24, ^, true)
( 19, 24, >, false)
( 20, 24, ^, false)
( 20, 24, >, true)
( 20, 25, <, false)
( 20, 25, ^, true)
( 20, 25, >, true)
( 19, 25, <, false)
( 19, 25, ^, true)
( 18, 25, <, false)
( 18, 25, ^, true)
( 17, 25, <, false)
( 17, 25, ^, true)
( 16, 25, <, false)
( 16, 25, ^, true)
( 15, 25, v, true)
( 15, 25, <, true)
( 15, 25, ^, false)
( 15, 26, <, false)
( 15, 26, ^, true)
( 15, 26, >, true)
( 14, 26, v, true)
( 14, 26, <, true)
( 14, 26, ^, false)
( 14, 27, <, false)
( 14, 27, ^, true)
( 14, 27, >, false)
( 13, 27, v, true)
( 13, 27, <, true)
( 13, 27, ^, true)
( 15, 27, ^, false)
( 15, 27, >, true)
( 15, 28, <, true)
( 15, 28, ^, false)
( 15, 28, >, true)
( 15, 29, <, false)
( 15, 29, ^, false)
( 15, 29, >, true)
( 15, 30, <, true)
( 15, 30, >, true)
( 14, 29, v, false)
( 14, 29, <, false)
( 14, 29, ^, false)
( 13, 29, v, false)
( 13, 29, <, false)
( 13, 29, ^, false)
( 12, 29, v, false)
( 12, 29, <, false)
( 12, 29, ^, false)
( 11, 29, v, false)
( 11, 29, <, false)
( 11, 29, ^, false)
( 10, 29, v, false)
( 10, 29, ^, false)
( 10, 28, >, true)
( 10, 28, v, false)
( 10, 27, >, false)
( 10, 27, v, true)
( 11, 27, ^, true)
( 11, 27, >, false)
( 11, 27, v, true)
( 12, 27, ^, true)
( 12, 27, v, false)
( 12, 26, >, false)
( 12, 26, v, true)
( 12, 26, <, true)
( 13, 26, v, false)
( 13, 25, >, false)
( 13, 25, v, true)
( 13, 25, <, true)
( 14, 25, v, false)
( 14, 24, >, false)
( 14, 24, v, true)
( 14, 24, <, true)
( 15, 24, v, false)
( 15, 23, >, false)
( 15, 23, v, true)
( 15, 23, <, true)
( 16, 23, v, false)
( 16, 22, >, false)
( 16, 22, v, true)
( 16, 22, <, true)
( 17, 22, >, true)
( 17, 22, v, false)
( 17, 21, >, false)
( 17, 21, v, true)
( 17, 21, <, true)
( 18, 21, ^, false)
( 18, 21, >, true)
( 18, 21, v, false)
( 18, 20, >, true)
( 18, 20, v, true)
( 18, 20, <, true)
( 18, 22, >, false)
( 19, 22, v, false)
( 19, 21, v, false)
( 19, 20, v, false)
( 19, 19, v, true)
( 19, 19, <, false)
( 18, 19, v, true)
( 18, 19, <, false)
( 17, 19, v, true)
( 17, 19, <, false)
( 17, 19, ^, true)
( 16, 19, v, true)
( 16, 19, <, false)
( 16, 19, ^, true)
( 15, 19, v, true)
( 15, 19, <, false)
( 15, 19, ^, true)
( 14, 19, v, true)
( 14, 19, <, false)
( 14, 19, ^, true)
( 13, 19, v, true)
( 13, 19, <, false)
( 13, 19, ^, true)
( 12, 19, v, true)
( 12, 19, <, true)
( 12, 19, ^, false)
( 12, 20, <, true)
( 12, 20, ^, true)
( 12, 20, >, false)
( 13, 20, ^, true)
( 13, 20, >, false)
( 14, 20, ^, true)
( 14, 20, >, false)
( 15, 20, ^, true)
( 15, 20, >, false)
( 16, 20, ^, false)
( 16, 20, >, false)
( 16, 21, <, false)
( 15, 21, <, false)
( 15, 21, ^, false)
( 14, 21, <, true)
( 14, 21, ^, true)
( 15, 22, <, false)
( 14, 22, <, true)
( 14, 22, ^, false)
( 14, 23, <, false)
( 13, 23, v, true)
( 13, 23, <, true)
( 13, 23, ^, false)
( 13, 24, <, false)
( 12, 24, v, false)
( 12, 24, <, true)
( 12, 24, ^, false)
( 12, 23, v, true)
( 12, 23, <, true)
( 12, 25, <, false)
( 11, 25, v, false)
( 11, 25, <, true)
( 11, 25, ^, false)
( 11, 24, v, false)
( 11, 24, <, true)
( 11, 23, v, false)
( 11, 23, <, true)
( 11, 22, >, false)
( 11, 22, v, true)
( 11, 22, <, true)
( 12, 22, >, false)
( 12, 22, v, true)
( 13, 22, v, false)
( 13, 21, <, false)
( 12, 21, <, false)
( 11, 21, v, false)
( 11, 21, <, true)
( 11, 20, v, false)
( 11, 20, <, true)
( 11, 19, v, false)
( 11, 19, <, true)
( 11, 18, >, false)
( 11, 18, v, true)
( 11, 18, <, true)
( 12, 18, >, false)
( 12, 18, v, true)
( 13, 18, >, false)
( 13, 18, v, true)
( 14, 18, >, false)
( 14, 18, v, true)
( 15, 18, >, false)
( 15, 18, v, true)
( 16, 18, >, false)
( 16, 18, v, true)
( 17, 18, >, false)
( 17, 18, v, true)
( 18, 18, >, false)
( 18, 18, v, true)
( 19, 18, >, false)
( 19, 18, v, true)
( 20, 18, v, false)
( 20, 17, >, true)
( 20, 17, v, true)
( 20, 17, <, false)
( 19, 17, v, true)
( 19, 17, <, false)
( 18, 17, v, true)
( 18, 17, <, false)
( 17, 17, v, true)
( 17, 17, <, false)
( 16, 17, v, true)
( 16, 17, <, false)
( 15, 17, v, true)
( 15, 17, <, false)
( 14, 17, v, false)
( 14, 17, <, true)
( 14, 16, >, true)
( 14, 16, v, false)
( 14, 16, <, false)
( 14, 15, >, false)
( 14, 15, v, false)
( 14, 15, <, true)
( 14, 14, >, true)
( 14, 14, v, false)
( 14, 14, <, false)
( 14, 13, >, false)
( 14, 13, v, false)
( 14, 13, <, true)
( 14, 12, >, true)
( 14, 12, v, false)
( 14, 12, <, false)
( 14, 11, >, false)
( 14, 11, v, true)
( 14, 11, <, true)
( 15, 11, ^, true)
( 15, 11, >, false)
( 15, 11, v, true)
( 16, 11, ^, true)
( 16, 11, >, false)
( 16, 11, v, true)
( 17, 11, ^, true)
( 17, 11, >, false)
( 17, 11, v, true)
( 18, 11, ^, true)
( 18, 11, >, false)
( 18, 11, v, true)
( 19, 11, ^, true)
( 19, 11, >, false)
( 19, 11, v, false)
( 20, 11, ^, true)
( 20, 11, >, false)
( 20, 11, v, true)
( 21, 11, ^, false)
( 21, 11, >, true)
( 21, 11, v, false)
( 21, 12, <, true)
( 21, 12, ^, false)
( 21, 12, >, true)
( 21, 13, <, true)
( 21, 13, ^, false)
( 21, 13, >, true)
( 21, 14, <, true)
( 21, 14, ^, false)
( 21, 14, >, true)
( 21, 15, <, true)
( 21, 15, ^, false)
( 21, 15, >, true)
( 21, 16, <, true)
( 21, 16, ^, false)
( 21, 16, >, true)
( 21, 17, >, false)
( 22, 17, >, false)
( 22, 17, v, true)
( 23, 17, >, true)
( 23, 17, v, false)
( 23, 16, >, true)
( 23, 16, v, true)
( 23, 16, <, false)
( 22, 16, v, false)
( 22, 15, >, false)
( 22, 15, v, true)
( 23, 15, >, true)
( 23, 15, v, false)
( 23, 14, >, true)
( 23, 14, v, true)
( 23, 14, <, false)
( 22, 14, v, false)
( 22, 13, >, false)
( 22, 13, v, true)
( 23, 13, >, true)
( 23, 13, v, false)
( 23, 12, >, true)
( 23, 12, v, true)
( 23, 12, <, false)
( 22, 12, v, false)
( 22, 11, >, false)
( 22, 11, v, true)
( 23, 11, >, true)
( 23, 11, v, false)
( 23, 10, >, true)
( 23, 10, v, true)
( 23, 10, <, false)
( 22, 10, v, false)
( 22, 10, <, true)
( 22,  9, >, true)
( 22,  9, v, true)
( 22,  9, <, false)
( 21,  9, v, true)
( 21,  9, <, false)
( 21,  9, ^, true)
( 20,  9, v, true)
( 20,  9, <, false)
( 20,  9, ^, true)
( 19,  9, v, false)
( 19,  9, <, true)
( 19,  9, ^, true)
( 19,  8, >, true)
( 19,  8, v, false)
( 19,  8, <, true)
( 19,  7, >, true)
( 19,  7, v, false)
( 19,  7, <, true)
( 19,  6, >, true)
( 19,  6, v, false)
( 19,  6, <, false)
( 19,  5, >, true)
( 19,  5, v, false)
( 19,  5, <, true)
( 19,  4, >, true)
( 19,  4, v, false)
( 19,  4, <, true)
( 19,  3, >, true)
( 19,  3, v, false)
( 19,  2, >, false)
( 20,  2, ^, true)
( 20,  2, >, false)
( 21,  2, ^, false)
( 21,  3, <, false)
( 21,  3, ^, true)
( 20,  3, ^, false)
( 20,  4, ^, true)
( 20,  4, >, false)
( 21,  4, ^, false)
( 21,  5, <, false)
( 21,  5, ^, true)
( 20,  5, ^, false)
( 20,  6, ^, false)
( 20,  6, >, true)
( 20,  7, ^, false)
( 20,  7, >, true)
( 20,  8, >, false)
( 21,  8, >, false)
( 21,  8, v, true)
( 22,  8, >, true)
( 22,  8, v, false)
( 22,  7, >, false)
( 22,  7, <, false)
( 23,  7, ^, true)
( 23,  7, >, false)
( 24,  7, ^, true)
( 24,  7, >, false)
( 25,  7, ^, false)
( 25,  7, >, true)
( 25,  8, <, false)
( 25,  8, ^, true)
( 25,  8, >, true)
( 24,  8, <, false)
( 24,  8, ^, true)
( 23,  8, ^, false)
( 23,  9, >, false)
( 24,  9, ^, false)
( 24,  9, >, false)
( 25,  9, ^, false)
( 25,  9, >, false)
( 26,  9, ^, false)
( 26,  9, v, false)
( 26, 10, <, true)
( 26, 10, ^, true)
( 18,  6, v, true)
( 18,  6, <, true)
( 18,  6, ^, false)
( 18,  7, <, true)
( 18,  7, ^, false)
( 18,  8, <, false)
( 18,  8, ^, false)
( 18,  9, <, true)
( 18,  9, ^, false)
( 18, 10, <, false)
( 18, 10, >, true)
( 17, 10, v, true)
( 17, 10, <, false)
( 16, 10, v, true)
( 16, 10, <, false)
( 15, 10, v, true)
( 15, 10, <, false)
( 14, 10, v, true)
( 14, 10, <, false)
( 13, 10, v, true)
( 13, 10, <, false)
( 13, 10, ^, true)
( 12, 10, v, false)
( 12, 10, <, false)
( 12, 10, ^, true)
( 11, 10, v, true)
( 11, 10, <, true)
( 11, 10, ^, true)
( 12,  9, >, false)
( 12,  9, v, true)
( 12,  9, <, true)
( 13,  9, >, false)
( 13,  9, v, false)
( 14,  9, >, false)
( 14,  9, v, true)
( 15,  9, >, false)
( 15,  9, v, true)
( 16,  9, >, false)
( 16,  9, v, false)
( 17,  9, v, true)
( 16,  8, >, false)
( 16,  8, v, true)
( 16,  8, <, false)
( 15,  8, v, true)
( 15,  8, <, false)
( 14,  8, v, true)
( 14,  8, <, false)
( 13,  8, v, true)
( 13,  8, <, true)
( 17,  8, v, false)
( 17,  7, v, false)
( 17,  7, <, true)
( 17,  6, v, false)
( 17,  6, <, true)
( 17,  5, >, false)
( 17,  5, v, true)
( 17,  5, <, true)
( 18,  5, v, false)
( 18,  4, <, false)
( 17,  4, <, false)
( 16,  4, <, true)
( 16,  4, ^, false)
( 16,  5, <, true)
( 16,  5, ^, false)
( 16,  6, <, true)
( 16,  6, ^, false)
( 16,  7, <, false)
( 15,  7, v, true)
( 15,  7, <, false)
( 14,  7, v, true)
( 14,  7, <, false)
( 13,  7, v, true)
( 13,  7, <, false)
( 12,  7, v, true)
( 12,  7, ^, false)
( 12,  8, <, false)
( 11,  8, ^, false)
( 11,  9, <, false)
( 10,  9, <, false)
( 10,  9, ^, true)
(  9,  9, <, true)
(  9,  9, ^, false)
(  9, 10, <, true)
(  9, 10, ^, false)
(  9, 10, >, true)
(  9, 11, <, true)
(  9, 11, ^, false)
(  9, 11, >, true)
(  9, 12, <, true)
(  9, 12, ^, false)
(  9, 12, >, true)
(  9, 13, ^, false)
(  9, 13, >, true)
(  9, 14, ^, false)
(  9, 14, >, false)
(  9, 15, ^, false)
(  9, 15, >, true)
(  9, 16, ^, false)
(  9, 16, >, true)
(  9, 17, ^, false)
(  9, 17, >, true)
(  9, 18, ^, true)
(  9, 18, >, false)
( 10, 18, ^, false)
( 10, 18, v, true)
( 10, 19, <, false)
( 10, 19, ^, false)
( 10, 20, <, true)
( 10, 20, ^, false)
( 10, 21, <, true)
( 10, 21, ^, false)
( 10, 22, <, true)
( 10, 22, ^, false)
( 10, 23, <, true)
( 10, 23, ^, false)
( 10, 24, <, true)
( 10, 24, ^, false)
( 10, 25, <, true)
( 10, 25, ^, false)
( 10, 26, <, true)
( 10, 26, >, false)
( 10, 14, ^, false)
( 10, 14, >, true)
( 10, 14, v, false)
( 10, 15, ^, false)
( 10, 15, >, false)
( 10, 16, ^, false)
( 10, 16, >, true)
( 10, 17, >, false)
( 11, 17, >, false)
( 11, 17, v, false)
( 12, 17, >, true)
( 12, 17, v, false)
( 12, 16, >, false)
( 12, 16, v, false)
( 12, 16, <, true)
( 12, 15, >, true)
( 12, 15, v, false)
( 12, 15, <, false)
( 12, 14, >, false)
( 12, 14, v, false)
( 12, 14, <, true)
( 12, 13, >, true)
( 12, 13, v, false)
( 12, 13, <, false)
( 12, 12, >, false)
( 12, 12, v, false)
( 12, 12, <, true)
( 12, 11, >, true)
( 12, 11, <, false)
( 11, 11, <, false)
( 11, 11, ^, false)
( 10, 11, v, false)
( 10, 11, ^, false)
( 13, 12, ^, false)
( 13, 12, v, false)
( 15, 13, ^, false)
( 15, 13, >, false)
( 15, 13, v, false)
( 16, 13, ^, false)
( 16, 13, >, true)
( 16, 13, v, false)
( 16, 14, <, true)
( 16, 14, ^, false)
( 16, 14, >, false)
( 16, 15, <, false)
( 16, 15, ^, false)
( 16, 15, >, true)
( 16, 16, <, true)
( 16, 16, >, false)
( 17, 16, >, false)
( 17, 16, v, true)
( 18, 16, >, false)
( 18, 16, v, true)
( 19, 16, >, false)
( 19, 16, v, true)
( 20, 16, v, false)
( 20, 15, v, false)
( 20, 15, <, true)
( 20, 14, v, false)
( 20, 14, <, true)
( 20, 13, v, false)
( 20, 13, <, true)
( 20, 12, <, false)
( 19, 12, <, false)
( 19, 12, ^, true)
( 18, 12, <, false)
( 18, 12, ^, true)
( 17, 12, <, false)
( 17, 12, ^, true)
( 16, 12, <, true)
( 26,  8, v, false)
( 28, 17, v, true)
( 28, 17, <, false)
( 27, 17, v, true)
( 27, 17, <, false)
( 26, 17, v, true)
( 26, 17, <, false)
( 25, 17, v, true)
( 25, 17, <, false)
( 24, 17, v, true)
( 28, 11, <, false)
( 28, 11, ^, true)
( 27, 11, <, false)
( 27, 11, ^, true)
( 26, 11, <, false)
( 26, 11, ^, true)
( 25, 11, v, true)
( 25, 11, <, false)
( 25, 11, ^, true)
( 24, 11, v, true)
( 24, 11, ^, true)
( 11, 15, ^, false)
( 11, 15, v, false)
( 13, 16, ^, false)
( 13, 16, v, false)
( 15, 15, ^, false)
( 15, 15, v, false)
( 17, 14, ^, false)
( 17, 14, >, false)
( 17, 14, v, false)
( 18, 14, ^, false)
( 18, 14, >, false)
( 18, 14, v, false)
( 19, 14, ^, false)
( 19, 14, v, false)
( 19, 15, <, false)
(  0, 30, >, false)
( 28, 30, <, true)
( 27, 30, <, false)
( 26, 30, <, false)
( 25, 30, v, false)
( 25, 30, <, false)
( 24, 30, v, true)
( 24, 30, <, false)
( 23, 30, v, false)
( 23, 30, <, false)
( 22, 30, v, true)
( 22, 30, <, true)
( 23, 29, >, true)
( 23, 29, v, false)
( 23, 29, <, false)
( 23, 28, >, false)
( 23, 28, v, false)
( 23, 28, <, true)
( 23, 27, >, true)
( 23, 27, v, false)
( 23, 27, <, true)
( 23, 26, >, false)
( 23, 26, v, true)
( 23, 26, <, false)
( 22, 26, v, false)
( 22, 26, <, false)
( 22, 26, ^, true)
( 21, 26, v, true)
( 21, 26, <, true)
( 21, 26, ^, false)
( 21, 27, <, true)
( 21, 27, ^, true)
( 21, 27, >, false)
( 22, 27, ^, false)
( 22, 28, <, true)
( 22, 28, ^, false)
( 22, 29, <, false)
( 21, 29, v, false)
( 21, 29, <, true)
( 21, 29, ^, false)
( 21, 28, <, true)
( 24, 28, ^, false)
( 24, 28, >, true)
( 24, 28, v, false)
( 24, 27, >, false)
( 24, 27, v, true)
( 25, 27, ^, false)
( 25, 27, v, false)
( 25, 26, >, false)
( 25, 26, v, true)
( 25, 26, <, true)
( 26, 26, >, false)
( 26, 26, v, true)
( 27, 26, >, false)
( 27, 26, v, true)
( 28, 23, <, true)
( 26, 22, <, true)
( 26, 22, ^, true)
( 17, 15, >, false)
( 18, 13, >, false)
( 18, 13, <, false)
